#
# A fatal error has been detected by the Java Runtime Environment:
#
#  SIGSEGV (0xb) at pc=0x000000010179ed33, pid=20844, tid=0x0000000000000307
#
# JRE version: Java(TM) SE Runtime Environment (8.0_152-b16) (build 1.8.0_152-b16)
# Java VM: Java HotSpot(TM) 64-Bit Server VM (25.152-b16 mixed mode bsd-amd64 compressed oops)
# Problematic frame:
# C  [libR.dylib+0x112d33]  SET_VECTOR_ELT+0x13
#
# Failed to write core dump. Core dumps have been disabled. To enable core dumping, try "ulimit -c unlimited" before starting Java again
#
# If you would like to submit a bug report, please visit:
#   http://bugreport.java.com/bugreport/crash.jsp
# The crash happened outside the Java Virtual Machine in native code.
# See problematic frame for where to report the bug.
#

---------------  T H R E A D  ---------------

Current thread (0x00007f9628614000):  JavaThread "main" [_thread_in_native, id=775, stack(0x00007ffeeebd7000,0x00007ffeef3d7000)]

siginfo: si_signo: 11 (SIGSEGV), si_code: 0 (unknown), si_addr: 0x0000000000000000

Registers:
RAX=0x00007f962381cd88, RBX=0x0000ef4831006129, RCX=0x0000000000000102, RDX=0x00007f958d3fb018
RSP=0x00007ffeef3a1fb0, RBP=0x00007ffeef3a1fd0, RSI=0x0000000000000005, RDI=0x0000ef4831006129
R8 =0x0000000101ace488, R9 =0x00007f96228105c8, R10=0x0000000101acdc00, R11=0x0000000000000045
R12=0x0000000000000001, R13=0x3ff0000000000000, R14=0x0000000000000005, R15=0x00007f958d3fb018
RIP=0x000000010179ed33, EFLAGS=0x0000000000010202, ERR=0x0000000000000000
  TRAPNO=0x000000000000000d

Top of Stack: (sp=0x00007ffeef3a1fb0)
0x00007ffeef3a1fb0:   00007f962381cd88 00007f9599906e10
0x00007ffeef3a1fc0:   00007f9592088300 00007ffeef3a2290
0x00007ffeef3a1fd0:   00007ffeef3a2320 000000010467204f
0x00007ffeef3a1fe0:   0000000000000000 00007f958d3fb018
0x00007ffeef3a1ff0:   00007f958f183870 00007f9592088300
0x00007ffeef3a2000:   4070e00000000000 00007f9628dc81a0
0x00007ffeef3a2010:   00000000778288a8 0000000000000000
0x00007ffeef3a2020:   3ff0000000000000 0000000000000000
0x00007ffeef3a2030:   3ff0000000000000 4020744322ee59ca
0x00007ffeef3a2040:   4020744322ee59ca 0000000000000004
0x00007ffeef3a2050:   402a003d7352cef2 0000000000000000
0x00007ffeef3a2060:   402a003d7352cef2 400507741219c2a4
0x00007ffeef3a2070:   0000000000000000 401273108c6c4088
0x00007ffeef3a2080:   00007f96279be480 00007f958d3e61e8
0x00007ffeef3a2090:   3ff0000000000000 8000000000000000
0x00007ffeef3a20a0:   0000000000000000 8000000000000000
0x00007ffeef3a20b0:   3ff0000000000000 8000000000000000
0x00007ffeef3a20c0:   bfe11cd284494113 bfd07fea8069e96d
0x00007ffeef3a20d0:   3ff0000000000000 0000000100000000
0x00007ffeef3a20e0:   3ff0000000000000 0000000000000000
0x00007ffeef3a20f0:   0000000000000000 0000000000000000
0x00007ffeef3a2100:   3ff0000000000000 0000000000000000
0x00007ffeef3a2110:   3fe11cd284494113 3fd07fea8069e96d
0x00007ffeef3a2120:   3ff0000000000000 00007f95b70a0ba8
0x00007ffeef3a2130:   3ff0000000000000 0000000000000000
0x00007ffeef3a2140:   0000000000000000 0000000000000000
0x00007ffeef3a2150:   3ff0000000000000 0000000000000000
0x00007ffeef3a2160:   3fe11cd284494113 3fd07fea8069e96d
0x00007ffeef3a2170:   3ff0000000000000 ffffffffff000000
0x00007ffeef3a2180:   3ff0000000000000 3ff0000000000000
0x00007ffeef3a2190:   0000000100000000 0000000100000001
0x00007ffeef3a21a0:   4024000000000000 3ff0000000000000 

Instructions: (pc=0x000000010179ed33)
0x000000010179ed13:   66 2e 0f 1f 84 00 00 00 00 00 0f 1f 00 55 48 89
0x000000010179ed23:   e5 41 57 41 56 53 50 49 89 d7 49 89 f6 48 89 fb
0x000000010179ed33:   48 8b 07 89 c7 83 e7 1f 8d 4f ed 83 f9 02 72 09
0x000000010179ed43:   83 ff 17 0f 85 b2 01 00 00 4d 85 f6 78 43 84 c0 

Register to memory mapping:

RAX=0x00007f962381cd88 is an unknown value
RBX=0x0000ef4831006129 is an unknown value
RCX=0x0000000000000102 is an unknown value
RDX=0x00007f958d3fb018 is an unknown value
RSP=0x00007ffeef3a1fb0 is pointing into the stack for thread: 0x00007f9628614000
RBP=0x00007ffeef3a1fd0 is pointing into the stack for thread: 0x00007f9628614000
RSI=0x0000000000000005 is an unknown value
RDI=0x0000ef4831006129 is an unknown value
R8 =0x0000000101ace488: R_Srcref+0 in /Library/Frameworks/R.framework/Versions/4.0/Resources/lib/libR.dylib at 0x000000010168c000
R9 =0x00007f96228105c8 is an unknown value
R10=0x0000000101acdc00: R_EvalDepth+0 in /Library/Frameworks/R.framework/Versions/4.0/Resources/lib/libR.dylib at 0x000000010168c000
R11=0x0000000000000045 is an unknown value
R12=0x0000000000000001 is an unknown value
R13=0x3ff0000000000000 is an unknown value
R14=0x0000000000000005 is an unknown value
R15=0x00007f958d3fb018 is an unknown value


Stack: [0x00007ffeeebd7000,0x00007ffeef3d7000],  sp=0x00007ffeef3a1fb0,  free space=7979k
Native frames: (J=compiled Java code, j=interpreted, Vv=VM code, C=native code)
C  [libR.dylib+0x112d33]  SET_VECTOR_ELT+0x13
C  [grid.so+0x1504f]  evaluateGrobUnit+0x96f
C  [grid.so+0x15505]  transform+0x185
C  [grid.so+0x6c1c]  L_convert+0x49c
C  [libR.dylib+0x8665b]  R_doDotCall+0x5cb
C  [libR.dylib+0x87fde]  do_dotcall+0x14e
C  [libR.dylib+0xbf744]  bcEval+0x6da4
C  [libR.dylib+0xb8261]  Rf_eval+0x181
C  [libR.dylib+0xd8791]  R_execClosure+0x891
C  [libR.dylib+0xd7569]  Rf_applyClosure+0x1d9
C  [libR.dylib+0xbf448]  bcEval+0x6aa8
C  [libR.dylib+0xb8261]  Rf_eval+0x181
C  [libR.dylib+0xd8791]  R_execClosure+0x891
C  [libR.dylib+0xd7569]  Rf_applyClosure+0x1d9
C  [libR.dylib+0xbf448]  bcEval+0x6aa8
C  [libR.dylib+0xb8261]  Rf_eval+0x181
C  [libR.dylib+0xd8791]  R_execClosure+0x891
C  [libR.dylib+0xd7569]  Rf_applyClosure+0x1d9
C  [libR.dylib+0xbf448]  bcEval+0x6aa8
C  [libR.dylib+0xb8261]  Rf_eval+0x181
C  [libR.dylib+0xd8791]  R_execClosure+0x891
C  [libR.dylib+0xd7569]  Rf_applyClosure+0x1d9
C  [libR.dylib+0xd9429]  R_forceAndCall+0x349
C  [libR.dylib+0x15b95]  do_lapply+0x385
C  [libR.dylib+0x11fd7d]  do_internal+0x16d
C  [libR.dylib+0xbfd6d]  bcEval+0x73cd
C  [libR.dylib+0xb8261]  Rf_eval+0x181
C  [libR.dylib+0xd8791]  R_execClosure+0x891
C  [libR.dylib+0xd7569]  Rf_applyClosure+0x1d9
C  [libR.dylib+0xbf448]  bcEval+0x6aa8
C  [libR.dylib+0xb8261]  Rf_eval+0x181
C  [libR.dylib+0xd8791]  R_execClosure+0x891
C  [libR.dylib+0xd7569]  Rf_applyClosure+0x1d9
C  [libR.dylib+0x121fbb]  dispatchMethod+0x2fb
C  [libR.dylib+0x121c94]  Rf_usemethod+0x2e4
C  [libR.dylib+0x1222c2]  do_usemethod+0x2d2
C  [libR.dylib+0xbfd6d]  bcEval+0x73cd
C  [libR.dylib+0xb8261]  Rf_eval+0x181
C  [libR.dylib+0xd8791]  R_execClosure+0x891
C  [libR.dylib+0xd7569]  Rf_applyClosure+0x1d9
C  [libR.dylib+0xbf448]  bcEval+0x6aa8
C  [libR.dylib+0xb8261]  Rf_eval+0x181
C  [libR.dylib+0xd8791]  R_execClosure+0x891
C  [libR.dylib+0xd7569]  Rf_applyClosure+0x1d9
C  [libR.dylib+0xb8736]  Rf_eval+0x656
C  [libR.dylib+0x9f7a7]  do_recordGraphics+0x157
C  [libR.dylib+0xbfb98]  bcEval+0x71f8
C  [libR.dylib+0xb8261]  Rf_eval+0x181
C  [libR.dylib+0xd8791]  R_execClosure+0x891
C  [libR.dylib+0xd7569]  Rf_applyClosure+0x1d9
C  [libR.dylib+0xbf448]  bcEval+0x6aa8
C  [libR.dylib+0xb8261]  Rf_eval+0x181
C  [libR.dylib+0xd8791]  R_execClosure+0x891
C  [libR.dylib+0xd7569]  Rf_applyClosure+0x1d9
C  [libR.dylib+0x121fbb]  dispatchMethod+0x2fb
C  [libR.dylib+0x121c40]  Rf_usemethod+0x290
C  [libR.dylib+0x1222c2]  do_usemethod+0x2d2
C  [libR.dylib+0xbfd6d]  bcEval+0x73cd
C  [libR.dylib+0xb8261]  Rf_eval+0x181
C  [libR.dylib+0xd8791]  R_execClosure+0x891
C  [libR.dylib+0xd7569]  Rf_applyClosure+0x1d9
C  [libR.dylib+0xbf448]  bcEval+0x6aa8
C  [libR.dylib+0xb8261]  Rf_eval+0x181
C  [libR.dylib+0xd8791]  R_execClosure+0x891
C  [libR.dylib+0xd7569]  Rf_applyClosure+0x1d9
C  [libR.dylib+0xb8736]  Rf_eval+0x656
C  [libR.dylib+0x9f7a7]  do_recordGraphics+0x157
C  [libR.dylib+0xbfb98]  bcEval+0x71f8
C  [libR.dylib+0xb8261]  Rf_eval+0x181
C  [libR.dylib+0xd8791]  R_execClosure+0x891
C  [libR.dylib+0xd7569]  Rf_applyClosure+0x1d9
C  [libR.dylib+0xbf448]  bcEval+0x6aa8
C  [libR.dylib+0xb8261]  Rf_eval+0x181
C  [libR.dylib+0xd8791]  R_execClosure+0x891
C  [libR.dylib+0xd7569]  Rf_applyClosure+0x1d9
C  [libR.dylib+0x121fbb]  dispatchMethod+0x2fb
C  [libR.dylib+0x121c40]  Rf_usemethod+0x290
C  [libR.dylib+0x1222c2]  do_usemethod+0x2d2
C  [libR.dylib+0xbfd6d]  bcEval+0x73cd
C  [libR.dylib+0xb8261]  Rf_eval+0x181
C  [libR.dylib+0xd8791]  R_execClosure+0x891
C  [libR.dylib+0xd7569]  Rf_applyClosure+0x1d9
C  [libR.dylib+0xbf448]  bcEval+0x6aa8
C  [libR.dylib+0xb8261]  Rf_eval+0x181
C  [libR.dylib+0xd8791]  R_execClosure+0x891
C  [libR.dylib+0xd7569]  Rf_applyClosure+0x1d9
C  [libR.dylib+0xb8736]  Rf_eval+0x656
C  [libR.dylib+0x9f7a7]  do_recordGraphics+0x157
C  [libR.dylib+0x9f1f6]  GEplayDisplayList+0x126
C  [libR.dylib+0x9f378]  GEcopyDisplayList+0x98
C  [rsession+0x9c80f0]  _ZN13rstudio_boost4asio6detail24descriptor_write_op_baseINS0_15const_buffers_1EE10do_performEPNS1_10reactor_opE+0x78ec0
C  [libR.dylib+0x8661c]  R_doDotCall+0x58c
C  [libR.dylib+0x87fde]  do_dotcall+0x14e
C  [libR.dylib+0xb86bd]  Rf_eval+0x5dd
C  [libR.dylib+0xd6c6c]  forcePromise+0xac
C  [libR.dylib+0xe267a]  getvar+0x30a
C  [libR.dylib+0xbc62c]  bcEval+0x3c8c
C  [libR.dylib+0xb8261]  Rf_eval+0x181
C  [libR.dylib+0xd6c6c]  forcePromise+0xac
C  [libR.dylib+0xe267a]  getvar+0x30a
...<more frames>...


---------------  P R O C E S S  ---------------

Java Threads: ( => current thread )
  0x00007f962b147000 JavaThread "Service Thread" daemon [_thread_blocked, id=42755, stack(0x000070000563a000,0x000070000583a000)]
  0x00007f9625902800 JavaThread "C1 CompilerThread2" daemon [_thread_blocked, id=43011, stack(0x0000700005537000,0x0000700005637000)]
  0x00007f962b02a800 JavaThread "C2 CompilerThread1" daemon [_thread_blocked, id=43267, stack(0x0000700005434000,0x0000700005534000)]
  0x00007f962860a800 JavaThread "C2 CompilerThread0" daemon [_thread_blocked, id=22275, stack(0x0000700005331000,0x0000700005431000)]
  0x00007f962834e000 JavaThread "Attach Listener" daemon [_thread_blocked, id=21763, stack(0x000070000512e000,0x000070000532e000)]
  0x00007f962345f800 JavaThread "Finalizer" daemon [_thread_blocked, id=18691, stack(0x0000700004ea8000,0x00007000050a8000)]
  0x00007f96297b3800 JavaThread "Reference Handler" daemon [_thread_blocked, id=14595, stack(0x0000700004ca5000,0x0000700004ea5000)]
=>0x00007f9628614000 JavaThread "main" [_thread_in_native, id=775, stack(0x00007ffeeebd7000,0x00007ffeef3d7000)]

Other Threads:
  0x00007f962369f000 VMThread [stack: 0x0000700004ba2000,0x0000700004ca2000] [id=14339]
  0x00007f9629af0000 WatcherThread [stack: 0x000070000583d000,0x000070000593d000] [id=42499]

VM state:not at safepoint (normal execution)

VM Mutex/Monitor currently owned by a thread: None

Heap:
 PSYoungGen      total 76288K, used 2621K [0x00000007b5580000, 0x00000007baa80000, 0x00000007c0000000)
  eden space 65536K, 4% used [0x00000007b5580000,0x00000007b580f5e8,0x00000007b9580000)
  from space 10752K, 0% used [0x00000007ba000000,0x00000007ba000000,0x00000007baa80000)
  to   space 10752K, 0% used [0x00000007b9580000,0x00000007b9580000,0x00000007ba000000)
 ParOldGen       total 175104K, used 0K [0x00000007a0000000, 0x00000007aab00000, 0x00000007b5580000)
  object space 175104K, 0% used [0x00000007a0000000,0x00000007a0000000,0x00000007aab00000)
 Metaspace       used 2604K, capacity 4634K, committed 4864K, reserved 1056768K
  class space    used 286K, capacity 390K, committed 512K, reserved 1048576K

Card table byte_map: [0x000000010a532000,0x000000010a633000] byte_map_base: 0x0000000106832000

Marking Bits: (ParMarkBitMap*) 0x0000000109abc6c0
 Begin Bits: [0x0000000119964000, 0x000000011a164000)
 End Bits:   [0x000000011a164000, 0x000000011a964000)

Polling page: 0x0000000101c50000

CodeCache: size=245760Kb used=1103Kb max_used=1110Kb free=244656Kb
 bounds [0x000000010a964000, 0x000000010abd4000, 0x0000000119964000]
 total_blobs=258 nmethods=32 adapters=141
 compilation: enabled

Compilation events (10 events):
Event: 0.315 Thread 0x00007f9625902800   28       3       java.lang.String::startsWith (7 bytes)
Event: 0.316 Thread 0x00007f9625902800 nmethod 28 0x000000010aa79690 code [0x000000010aa79800, 0x000000010aa79a08]
Event: 0.317 Thread 0x00007f9625902800   29       3       java.lang.String::indexOf (7 bytes)
Event: 0.317 Thread 0x00007f9625902800 nmethod 29 0x000000010aa79290 code [0x000000010aa79400, 0x000000010aa79608]
Event: 0.985 Thread 0x00007f9625902800   30       1       java.net.URL::getFile (5 bytes)
Event: 0.985 Thread 0x00007f9625902800 nmethod 30 0x000000010aa78fd0 code [0x000000010aa79120, 0x000000010aa79230]
Event: 0.985 Thread 0x00007f9625902800   31       1       java.io.File::getPath (5 bytes)
Event: 0.985 Thread 0x00007f9625902800 nmethod 31 0x000000010aa78d10 code [0x000000010aa78e60, 0x000000010aa78f70]
Event: 0.985 Thread 0x00007f9625902800   32       1       java.net.URL::getProtocol (5 bytes)
Event: 0.985 Thread 0x00007f9625902800 nmethod 32 0x000000010aa78a50 code [0x000000010aa78ba0, 0x000000010aa78cb0]

GC Heap History (0 events):
No events

Deoptimization events (0 events):
No events

Classes redefined (0 events):
No events

Internal exceptions (5 events):
Event: 0.191 Thread 0x00007f9628614000 Exception <a 'java/lang/NoSuchMethodError': Method sun.misc.Unsafe.defineClass(Ljava/lang/String;[BII)Ljava/lang/Class; name or signature does not match> (0x00000007b5587ca8) thrown at [/Users/java_re/workspace/8-2-build-macosx-x86_64/jdk8u152/9742/hotspo
Event: 0.191 Thread 0x00007f9628614000 Exception <a 'java/lang/NoSuchMethodError': Method sun.misc.Unsafe.prefetchRead(Ljava/lang/Object;J)V name or signature does not match> (0x00000007b5587f90) thrown at [/Users/java_re/workspace/8-2-build-macosx-x86_64/jdk8u152/9742/hotspot/src/share/vm/pri
Event: 0.299 Thread 0x00007f9628614000 Exception <a 'java/util/zip/ZipException'> (0x00000007b55def98) thrown at [/Users/java_re/workspace/8-2-build-macosx-x86_64/jdk8u152/9742/hotspot/src/share/vm/prims/jni.cpp, line 709]
Event: 0.299 Thread 0x00007f9628614000 Exception <a 'java/security/PrivilegedActionException'> (0x00000007b55df238) thrown at [/Users/java_re/workspace/8-2-build-macosx-x86_64/jdk8u152/9742/hotspot/src/share/vm/prims/jvm.cpp, line 1390]
Event: 0.299 Thread 0x00007f9628614000 Exception <a 'java/security/PrivilegedActionException'> (0x00000007b55df448) thrown at [/Users/java_re/workspace/8-2-build-macosx-x86_64/jdk8u152/9742/hotspot/src/share/vm/prims/jvm.cpp, line 1390]

Events (10 events):
Event: 0.317 loading class java/lang/NoSuchFieldException
Event: 0.317 loading class java/lang/NoSuchFieldException done
Event: 0.317 loading class java/lang/NoSuchMethodException
Event: 0.317 loading class java/lang/NoSuchMethodException done
Event: 0.317 loading class RJavaImport
Event: 0.317 loading class RJavaImport done
Event: 0.319 loading class java/net/MalformedURLException
Event: 0.320 loading class java/net/MalformedURLException done
Event: 4.317 Executing VM operation: EnableBiasedLocking
Event: 4.317 Executing VM operation: EnableBiasedLocking done


Dynamic libraries:
0x000000010168c000 	/Library/Frameworks/R.framework/Versions/4.0/Resources/lib/libR.dylib
0x0000000000303000 	/System/Library/Frameworks/AppKit.framework/Versions/C/AppKit
0x0000000000303000 	/System/Library/Frameworks/ApplicationServices.framework/Versions/A/ApplicationServices
0x0000000000303000 	/System/Library/Frameworks/CoreFoundation.framework/Versions/A/CoreFoundation
0x0000000000303000 	/System/Library/Frameworks/Foundation.framework/Versions/C/Foundation
0x0000000000303000 	/System/Library/Frameworks/IOKit.framework/Versions/A/IOKit
0x0000000000303000 	/System/Library/Frameworks/Security.framework/Versions/A/Security
0x0000000000303000 	/usr/lib/libbsm.0.dylib
0x0000000000303000 	/usr/lib/libsqlite3.dylib
0x0000000101b80000 	/Applications/RStudio.app/Contents/Frameworks/libpq.5.dylib
0x0000000000303000 	/usr/lib/libSystem.B.dylib
0x0000000000303000 	/usr/lib/libz.1.dylib
0x0000000000303000 	/System/Library/Frameworks/CoreServices.framework/Versions/A/CoreServices
0x0000000101bcf000 	/Applications/RStudio.app/Contents/Frameworks/libssl.1.1.dylib
0x0000000101c51000 	/Applications/RStudio.app/Contents/Frameworks/libcrypto.1.1.dylib
0x0000000000303000 	/usr/lib/libc++.1.dylib
0x0000000000303000 	/System/Library/Frameworks/CoreGraphics.framework/Versions/A/CoreGraphics
0x0000000000303000 	/System/Library/Frameworks/CoreText.framework/Versions/A/CoreText
0x0000000000303000 	/usr/lib/libobjc.A.dylib
0x0000000000303000 	/System/Library/PrivateFrameworks/UIFoundation.framework/Versions/A/UIFoundation
0x0000000000303000 	/System/Library/PrivateFrameworks/RemoteViewServices.framework/Versions/A/RemoteViewServices
0x0000000000303000 	/System/Library/PrivateFrameworks/XCTTargetBootstrap.framework/Versions/A/XCTTargetBootstrap
0x0000000000303000 	/usr/lib/libspindump.dylib
0x0000000000303000 	/System/Library/Frameworks/UniformTypeIdentifiers.framework/Versions/A/UniformTypeIdentifiers
0x0000000000303000 	/usr/lib/libapp_launch_measurement.dylib
0x0000000000303000 	/System/Library/PrivateFrameworks/CoreAutoLayout.framework/Versions/A/CoreAutoLayout
0x0000000000303000 	/System/Library/Frameworks/Metal.framework/Versions/A/Metal
0x0000000000303000 	/usr/lib/liblangid.dylib
0x0000000000303000 	/System/Library/PrivateFrameworks/CoreSVG.framework/Versions/A/CoreSVG
0x0000000000303000 	/System/Library/PrivateFrameworks/SkyLight.framework/Versions/A/SkyLight
0x0000000000303000 	/System/Library/Frameworks/Accelerate.framework/Versions/A/Accelerate
0x0000000000303000 	/System/Library/PrivateFrameworks/IconServices.framework/Versions/A/IconServices
0x0000000000303000 	/System/Library/Frameworks/IOSurface.framework/Versions/A/IOSurface
0x0000000000303000 	/usr/lib/libDiagnosticMessagesClient.dylib
0x0000000000303000 	/System/Library/PrivateFrameworks/DFRFoundation.framework/Versions/A/DFRFoundation
0x0000000000303000 	/usr/lib/libicucore.A.dylib
0x0000000000303000 	/System/Library/Frameworks/AudioToolbox.framework/Versions/A/AudioToolbox
0x0000000000303000 	/System/Library/Frameworks/CoreData.framework/Versions/A/CoreData
0x0000000000303000 	/System/Library/PrivateFrameworks/DataDetectorsCore.framework/Versions/A/DataDetectorsCore
0x0000000000303000 	/System/Library/Frameworks/Carbon.framework/Versions/A/Frameworks/HIToolbox.framework/Versions/A/HIToolbox
0x0000000000303000 	/System/Library/Frameworks/QuartzCore.framework/Versions/A/QuartzCore
0x0000000000303000 	/System/Library/Frameworks/Carbon.framework/Versions/A/Frameworks/SpeechRecognition.framework/Versions/A/SpeechRecognition
0x0000000000303000 	/System/Library/PrivateFrameworks/CoreUI.framework/Versions/A/CoreUI
0x0000000000303000 	/System/Library/Frameworks/CoreAudio.framework/Versions/A/CoreAudio
0x0000000000303000 	/System/Library/Frameworks/DiskArbitration.framework/Versions/A/DiskArbitration
0x0000000000303000 	/System/Library/PrivateFrameworks/MultitouchSupport.framework/Versions/A/MultitouchSupport
0x0000000000303000 	/System/Library/PrivateFrameworks/InternationalSupport.framework/Versions/A/InternationalSupport
0x0000000000303000 	/usr/lib/libenergytrace.dylib
0x0000000000303000 	/System/Library/PrivateFrameworks/PerformanceAnalysis.framework/Versions/A/PerformanceAnalysis
0x0000000000303000 	/System/Library/Frameworks/OpenGL.framework/Versions/A/OpenGL
0x0000000000303000 	/System/Library/PrivateFrameworks/UserActivity.framework/Versions/A/UserActivity
0x0000000000303000 	/System/Library/Frameworks/ColorSync.framework/Versions/A/ColorSync
0x0000000000303000 	/System/Library/Frameworks/CoreImage.framework/Versions/A/CoreImage
0x0000000000303000 	/System/Library/Frameworks/ImageIO.framework/Versions/A/ImageIO
0x0000000000303000 	/System/Library/PrivateFrameworks/SoftLinking.framework/Versions/A/SoftLinking
0x0000000000303000 	/usr/lib/libxml2.2.dylib
0x0000000000303000 	/usr/lib/libcompression.dylib
0x0000000000303000 	/usr/lib/libMobileGestalt.dylib
0x0000000000303000 	/System/Library/PrivateFrameworks/TextureIO.framework/Versions/A/TextureIO
0x0000000000303000 	/usr/lib/libate.dylib
0x0000000000303000 	/usr/lib/system/libcache.dylib
0x0000000000303000 	/usr/lib/system/libcommonCrypto.dylib
0x0000000000303000 	/usr/lib/system/libcompiler_rt.dylib
0x0000000000303000 	/usr/lib/system/libcopyfile.dylib
0x0000000000303000 	/usr/lib/system/libcorecrypto.dylib
0x0000000000303000 	/usr/lib/system/libdispatch.dylib
0x0000000000303000 	/usr/lib/system/libdyld.dylib
0x0000000000303000 	/usr/lib/system/libkeymgr.dylib
0x0000000000303000 	/usr/lib/system/liblaunch.dylib
0x0000000000303000 	/usr/lib/system/libmacho.dylib
0x0000000000303000 	/usr/lib/system/libquarantine.dylib
0x0000000000303000 	/usr/lib/system/libremovefile.dylib
0x0000000000303000 	/usr/lib/system/libsystem_asl.dylib
0x0000000000303000 	/usr/lib/system/libsystem_blocks.dylib
0x0000000000303000 	/usr/lib/system/libsystem_c.dylib
0x0000000000303000 	/usr/lib/system/libsystem_collections.dylib
0x0000000000303000 	/usr/lib/system/libsystem_configuration.dylib
0x0000000000303000 	/usr/lib/system/libsystem_containermanager.dylib
0x0000000000303000 	/usr/lib/system/libsystem_coreservices.dylib
0x0000000000303000 	/usr/lib/system/libsystem_darwin.dylib
0x0000000000303000 	/usr/lib/system/libsystem_dnssd.dylib
0x0000000000303000 	/usr/lib/system/libsystem_featureflags.dylib
0x0000000000303000 	/usr/lib/system/libsystem_info.dylib
0x0000000000303000 	/usr/lib/system/libsystem_m.dylib
0x0000000000303000 	/usr/lib/system/libsystem_malloc.dylib
0x0000000000303000 	/usr/lib/system/libsystem_networkextension.dylib
0x0000000000303000 	/usr/lib/system/libsystem_notify.dylib
0x0000000000303000 	/usr/lib/system/libsystem_product_info_filter.dylib
0x0000000000303000 	/usr/lib/system/libsystem_sandbox.dylib
0x0000000000303000 	/usr/lib/system/libsystem_secinit.dylib
0x0000000000303000 	/usr/lib/system/libsystem_kernel.dylib
0x0000000000303000 	/usr/lib/system/libsystem_platform.dylib
0x0000000000303000 	/usr/lib/system/libsystem_pthread.dylib
0x0000000000303000 	/usr/lib/system/libsystem_symptoms.dylib
0x0000000000303000 	/usr/lib/system/libsystem_trace.dylib
0x0000000000303000 	/usr/lib/system/libunwind.dylib
0x0000000000303000 	/usr/lib/system/libxpc.dylib
0x0000000000303000 	/usr/lib/libc++abi.dylib
0x0000000000303000 	/usr/lib/liboah.dylib
0x0000000000303000 	/usr/lib/liblzma.5.dylib
0x0000000000303000 	/System/Library/Frameworks/SystemConfiguration.framework/Versions/A/SystemConfiguration
0x0000000000303000 	/usr/lib/libfakelink.dylib
0x0000000000303000 	/System/Library/Frameworks/CFNetwork.framework/Versions/A/CFNetwork
0x0000000000303000 	/usr/lib/libarchive.2.dylib
0x0000000000303000 	/usr/lib/libCRFSuite.dylib
0x0000000000303000 	/usr/lib/libnetwork.dylib
0x0000000000303000 	/usr/lib/libpcap.A.dylib
0x0000000000303000 	/usr/lib/libdns_services.dylib
0x0000000000303000 	/usr/lib/libcoretls_cfhelpers.dylib
0x0000000000303000 	/usr/lib/libapple_nghttp2.dylib
0x0000000000303000 	/usr/lib/system/libkxld.dylib
0x0000000000303000 	/System/Library/PrivateFrameworks/AppleFSCompression.framework/Versions/A/AppleFSCompression
0x0000000000303000 	/usr/lib/libcoretls.dylib
0x0000000000303000 	/usr/lib/libpam.2.dylib
0x0000000000303000 	/usr/lib/libxar.1.dylib
0x0000000000303000 	/System/Library/PrivateFrameworks/AppleSystemInfo.framework/Versions/A/AppleSystemInfo
0x0000000000303000 	/System/Library/PrivateFrameworks/IOMobileFramebuffer.framework/Versions/A/IOMobileFramebuffer
0x0000000000303000 	/usr/lib/libbz2.1.0.dylib
0x0000000000303000 	/usr/lib/libiconv.2.dylib
0x0000000000303000 	/usr/lib/libcharset.1.dylib
0x0000000000303000 	/System/Library/Frameworks/CoreServices.framework/Versions/A/Frameworks/FSEvents.framework/Versions/A/FSEvents
0x0000000000303000 	/System/Library/Frameworks/CoreServices.framework/Versions/A/Frameworks/CarbonCore.framework/Versions/A/CarbonCore
0x0000000000303000 	/System/Library/Frameworks/CoreServices.framework/Versions/A/Frameworks/Metadata.framework/Versions/A/Metadata
0x0000000000303000 	/System/Library/Frameworks/CoreServices.framework/Versions/A/Frameworks/OSServices.framework/Versions/A/OSServices
0x0000000000303000 	/System/Library/Frameworks/CoreServices.framework/Versions/A/Frameworks/SearchKit.framework/Versions/A/SearchKit
0x0000000000303000 	/System/Library/Frameworks/CoreServices.framework/Versions/A/Frameworks/AE.framework/Versions/A/AE
0x0000000000303000 	/System/Library/Frameworks/CoreServices.framework/Versions/A/Frameworks/LaunchServices.framework/Versions/A/LaunchServices
0x0000000000303000 	/System/Library/Frameworks/CoreServices.framework/Versions/A/Frameworks/DictionaryServices.framework/Versions/A/DictionaryServices
0x0000000000303000 	/System/Library/Frameworks/CoreServices.framework/Versions/A/Frameworks/SharedFileList.framework/Versions/A/SharedFileList
0x0000000000303000 	/usr/lib/libCheckFix.dylib
0x0000000000303000 	/System/Library/PrivateFrameworks/TCC.framework/Versions/A/TCC
0x0000000000303000 	/System/Library/PrivateFrameworks/CoreNLP.framework/Versions/A/CoreNLP
0x0000000000303000 	/System/Library/PrivateFrameworks/MetadataUtilities.framework/Versions/A/MetadataUtilities
0x0000000000303000 	/usr/lib/libmecabra.dylib
0x0000000000303000 	/System/Library/Frameworks/MLCompute.framework/Versions/A/MLCompute
0x0000000000303000 	/usr/lib/libmecab.dylib
0x0000000000303000 	/usr/lib/libgermantok.dylib
0x0000000000303000 	/usr/lib/libThaiTokenizer.dylib
0x0000000000303000 	/usr/lib/libChineseTokenizer.dylib
0x0000000000303000 	/System/Library/Frameworks/MetalPerformanceShaders.framework/Versions/A/MetalPerformanceShaders
0x0000000000303000 	/System/Library/Frameworks/Accelerate.framework/Versions/A/Frameworks/vImage.framework/Versions/A/vImage
0x0000000000303000 	/System/Library/Frameworks/Accelerate.framework/Versions/A/Frameworks/vecLib.framework/Versions/A/vecLib
0x0000000000303000 	/System/Library/Frameworks/Accelerate.framework/Versions/A/Frameworks/vecLib.framework/Versions/A/libvMisc.dylib
0x0000000000303000 	/System/Library/Frameworks/Accelerate.framework/Versions/A/Frameworks/vecLib.framework/Versions/A/libvDSP.dylib
0x0000000000303000 	/System/Library/Frameworks/Accelerate.framework/Versions/A/Frameworks/vecLib.framework/Versions/A/libBLAS.dylib
0x0000000000303000 	/System/Library/Frameworks/Accelerate.framework/Versions/A/Frameworks/vecLib.framework/Versions/A/libLAPACK.dylib
0x0000000000303000 	/System/Library/Frameworks/Accelerate.framework/Versions/A/Frameworks/vecLib.framework/Versions/A/libLinearAlgebra.dylib
0x0000000000303000 	/System/Library/Frameworks/Accelerate.framework/Versions/A/Frameworks/vecLib.framework/Versions/A/libSparseBLAS.dylib
0x0000000000303000 	/System/Library/Frameworks/Accelerate.framework/Versions/A/Frameworks/vecLib.framework/Versions/A/libQuadrature.dylib
0x0000000000303000 	/System/Library/Frameworks/Accelerate.framework/Versions/A/Frameworks/vecLib.framework/Versions/A/libBNNS.dylib
0x0000000000303000 	/System/Library/Frameworks/Accelerate.framework/Versions/A/Frameworks/vecLib.framework/Versions/A/libSparse.dylib
0x0000000000303000 	/System/Library/Frameworks/MetalPerformanceShaders.framework/Versions/A/Frameworks/MPSCore.framework/Versions/A/MPSCore
0x0000000000303000 	/System/Library/Frameworks/MetalPerformanceShaders.framework/Versions/A/Frameworks/MPSImage.framework/Versions/A/MPSImage
0x0000000000303000 	/System/Library/Frameworks/MetalPerformanceShaders.framework/Versions/A/Frameworks/MPSNeuralNetwork.framework/Versions/A/MPSNeuralNetwork
0x0000000000303000 	/System/Library/Frameworks/MetalPerformanceShaders.framework/Versions/A/Frameworks/MPSMatrix.framework/Versions/A/MPSMatrix
0x0000000000303000 	/System/Library/Frameworks/MetalPerformanceShaders.framework/Versions/A/Frameworks/MPSRayIntersector.framework/Versions/A/MPSRayIntersector
0x0000000000303000 	/System/Library/Frameworks/MetalPerformanceShaders.framework/Versions/A/Frameworks/MPSNDArray.framework/Versions/A/MPSNDArray
0x0000000000303000 	/System/Library/PrivateFrameworks/MetalTools.framework/Versions/A/MetalTools
0x0000000000303000 	/System/Library/PrivateFrameworks/AggregateDictionary.framework/Versions/A/AggregateDictionary
0x0000000000303000 	/System/Library/PrivateFrameworks/CoreAnalytics.framework/Versions/A/CoreAnalytics
0x0000000000303000 	/System/Library/PrivateFrameworks/AppleSauce.framework/Versions/A/AppleSauce
0x0000000000303000 	/System/Library/PrivateFrameworks/IOAccelerator.framework/Versions/A/IOAccelerator
0x0000000000303000 	/System/Library/Frameworks/OpenGL.framework/Versions/A/Libraries/libCoreFSCache.dylib
0x0000000000303000 	/System/Library/PrivateFrameworks/LanguageModeling.framework/Versions/A/LanguageModeling
0x0000000000303000 	/System/Library/PrivateFrameworks/CoreEmoji.framework/Versions/A/CoreEmoji
0x0000000000303000 	/System/Library/PrivateFrameworks/LinguisticData.framework/Versions/A/LinguisticData
0x0000000000303000 	/System/Library/PrivateFrameworks/Lexicon.framework/Versions/A/Lexicon
0x0000000000303000 	/usr/lib/libcmph.dylib
0x0000000000303000 	/System/Library/Frameworks/OpenDirectory.framework/Versions/A/Frameworks/CFOpenDirectory.framework/Versions/A/CFOpenDirectory
0x0000000000303000 	/System/Library/Frameworks/OpenDirectory.framework/Versions/A/OpenDirectory
0x0000000000303000 	/System/Library/PrivateFrameworks/APFS.framework/Versions/A/APFS
0x0000000000303000 	/System/Library/Frameworks/SecurityFoundation.framework/Versions/A/SecurityFoundation
0x0000000000303000 	/usr/lib/libutil.dylib
0x0000000000303000 	/System/Library/PrivateFrameworks/CoreServicesStore.framework/Versions/A/CoreServicesStore
0x0000000000303000 	/System/Library/Frameworks/ServiceManagement.framework/Versions/A/ServiceManagement
0x0000000000303000 	/usr/lib/libxslt.1.dylib
0x0000000000303000 	/System/Library/PrivateFrameworks/BackgroundTaskManagement.framework/Versions/A/BackgroundTaskManagement
0x0000000000303000 	/System/Library/Frameworks/ImageIO.framework/Versions/A/Resources/libRadiance.dylib
0x0000000000303000 	/System/Library/Frameworks/ImageIO.framework/Versions/A/Resources/libJPEG.dylib
0x0000000000303000 	/System/Library/Frameworks/ImageIO.framework/Versions/A/Resources/libPng.dylib
0x0000000000303000 	/System/Library/Frameworks/ImageIO.framework/Versions/A/Resources/libTIFF.dylib
0x0000000000303000 	/System/Library/Frameworks/ImageIO.framework/Versions/A/Resources/libGIF.dylib
0x0000000000303000 	/System/Library/Frameworks/ImageIO.framework/Versions/A/Resources/libJP2.dylib
0x0000000000303000 	/usr/lib/libexpat.1.dylib
0x0000000000303000 	/System/Library/PrivateFrameworks/AppleJPEG.framework/Versions/A/AppleJPEG
0x0000000000303000 	/System/Library/PrivateFrameworks/FontServices.framework/libFontParser.dylib
0x0000000000303000 	/System/Library/PrivateFrameworks/RunningBoardServices.framework/Versions/A/RunningBoardServices
0x0000000000303000 	/System/Library/PrivateFrameworks/WatchdogClient.framework/Versions/A/WatchdogClient
0x0000000000303000 	/System/Library/Frameworks/CoreDisplay.framework/Versions/A/CoreDisplay
0x0000000000303000 	/System/Library/Frameworks/CoreMedia.framework/Versions/A/CoreMedia
0x0000000000303000 	/System/Library/Frameworks/CoreVideo.framework/Versions/A/CoreVideo
0x0000000000303000 	/System/Library/Frameworks/VideoToolbox.framework/Versions/A/VideoToolbox
0x0000000000303000 	/System/Library/PrivateFrameworks/BaseBoard.framework/Versions/A/BaseBoard
0x0000000000303000 	/System/Library/PrivateFrameworks/PersistentConnection.framework/Versions/A/PersistentConnection
0x0000000000303000 	/System/Library/PrivateFrameworks/ProtocolBuffer.framework/Versions/A/ProtocolBuffer
0x0000000000303000 	/System/Library/PrivateFrameworks/CommonUtilities.framework/Versions/A/CommonUtilities
0x0000000000303000 	/System/Library/PrivateFrameworks/Bom.framework/Versions/A/Bom
0x0000000000303000 	/System/Library/PrivateFrameworks/GPUWrangler.framework/Versions/A/GPUWrangler
0x0000000000303000 	/System/Library/PrivateFrameworks/IOPresentment.framework/Versions/A/IOPresentment
0x0000000000303000 	/System/Library/PrivateFrameworks/DSExternalDisplay.framework/Versions/A/DSExternalDisplay
0x0000000000303000 	/System/Library/PrivateFrameworks/CMCaptureCore.framework/Versions/A/CMCaptureCore
0x0000000000303000 	/System/Library/PrivateFrameworks/AppServerSupport.framework/Versions/A/AppServerSupport
0x0000000000303000 	/System/Library/PrivateFrameworks/perfdata.framework/Versions/A/perfdata
0x0000000000303000 	/System/Library/PrivateFrameworks/AssertionServices.framework/Versions/A/AssertionServices
0x0000000000303000 	/System/Library/PrivateFrameworks/AudioToolboxCore.framework/Versions/A/AudioToolboxCore
0x0000000000303000 	/System/Library/PrivateFrameworks/caulk.framework/Versions/A/caulk
0x0000000000303000 	/System/Library/PrivateFrameworks/SystemPolicy.framework/Versions/A/SystemPolicy
0x0000000000303000 	/usr/lib/libIOReport.dylib
0x0000000000303000 	/usr/lib/libSMC.dylib
0x0000000000303000 	/usr/lib/libAudioToolboxUtility.dylib
0x0000000000303000 	/usr/lib/libmis.dylib
0x0000000000303000 	/System/Library/Frameworks/OpenGL.framework/Versions/A/Libraries/libGLU.dylib
0x0000000000303000 	/System/Library/Frameworks/OpenGL.framework/Versions/A/Libraries/libGFXShared.dylib
0x0000000000303000 	/System/Library/Frameworks/OpenGL.framework/Versions/A/Libraries/libGL.dylib
0x0000000000303000 	/System/Library/Frameworks/OpenGL.framework/Versions/A/Libraries/libGLImage.dylib
0x0000000000303000 	/System/Library/Frameworks/OpenGL.framework/Versions/A/Libraries/libCVMSPluginSupport.dylib
0x0000000000303000 	/System/Library/Frameworks/OpenGL.framework/Versions/A/Libraries/libCoreVMClient.dylib
0x0000000000303000 	/System/Library/Frameworks/OpenCL.framework/Versions/A/OpenCL
0x0000000000303000 	/System/Library/PrivateFrameworks/GraphVisualizer.framework/Versions/A/GraphVisualizer
0x0000000000303000 	/System/Library/PrivateFrameworks/FaceCore.framework/Versions/A/FaceCore
0x0000000000303000 	/System/Library/PrivateFrameworks/OTSVG.framework/Versions/A/OTSVG
0x0000000000303000 	/System/Library/Frameworks/ApplicationServices.framework/Versions/A/Frameworks/ATS.framework/Versions/A/Resources/libFontRegistry.dylib
0x0000000000303000 	/System/Library/PrivateFrameworks/FontServices.framework/libhvf.dylib
0x0000000000303000 	/System/Library/PrivateFrameworks/AppleVA.framework/Versions/A/AppleVA
0x0000000000303000 	/System/Library/Frameworks/ApplicationServices.framework/Versions/A/Frameworks/ATS.framework/Versions/A/ATS
0x0000000000303000 	/System/Library/Frameworks/ApplicationServices.framework/Versions/A/Frameworks/ColorSyncLegacy.framework/Versions/A/ColorSyncLegacy
0x0000000000303000 	/System/Library/Frameworks/ApplicationServices.framework/Versions/A/Frameworks/HIServices.framework/Versions/A/HIServices
0x0000000000303000 	/System/Library/Frameworks/ApplicationServices.framework/Versions/A/Frameworks/LangAnalysis.framework/Versions/A/LangAnalysis
0x0000000000303000 	/System/Library/Frameworks/ApplicationServices.framework/Versions/A/Frameworks/PrintCore.framework/Versions/A/PrintCore
0x0000000000303000 	/System/Library/Frameworks/ApplicationServices.framework/Versions/A/Frameworks/QD.framework/Versions/A/QD
0x0000000000303000 	/System/Library/Frameworks/ApplicationServices.framework/Versions/A/Frameworks/SpeechSynthesis.framework/Versions/A/SpeechSynthesis
0x0000000000303000 	/System/Library/Frameworks/ApplicationServices.framework/Versions/A/Frameworks/ATSUI.framework/Versions/A/ATSUI
0x0000000000303000 	/usr/lib/libcups.2.dylib
0x0000000000303000 	/System/Library/PrivateFrameworks/NetAuth.framework/Versions/A/NetAuth
0x0000000000303000 	/System/Library/Frameworks/Kerberos.framework/Versions/A/Kerberos
0x0000000000303000 	/System/Library/Frameworks/GSS.framework/Versions/A/GSS
0x0000000000303000 	/usr/lib/libresolv.9.dylib
0x0000000000303000 	/System/Library/PrivateFrameworks/Heimdal.framework/Versions/A/Heimdal
0x0000000000303000 	/System/Library/Frameworks/Kerberos.framework/Versions/A/Libraries/libHeimdalProxy.dylib
0x0000000000303000 	/System/Library/Frameworks/Network.framework/Versions/A/Network
0x0000000000303000 	/usr/lib/libheimdal-asn1.dylib
0x0000000000303000 	/System/Library/PrivateFrameworks/CommonAuth.framework/Versions/A/CommonAuth
0x0000000000303000 	/System/Library/PrivateFrameworks/login.framework/Versions/A/Frameworks/loginsupport.framework/Versions/A/loginsupport
0x0000000000303000 	/System/Library/PrivateFrameworks/AudioSession.framework/Versions/A/AudioSession
0x0000000000303000 	/usr/lib/libAudioStatistics.dylib
0x0000000000303000 	/System/Library/PrivateFrameworks/MediaExperience.framework/Versions/A/MediaExperience
0x0000000000303000 	/System/Library/PrivateFrameworks/AudioSession.framework/libSessionUtility.dylib
0x0000000000303000 	/usr/lib/libperfcheck.dylib
0x0000000000303000 	/System/Library/PrivateFrameworks/AudioResourceArbitration.framework/Versions/A/AudioResourceArbitration
0x0000000000303000 	/System/Library/PrivateFrameworks/IconFoundation.framework/Versions/A/IconFoundation
0x0000000000303000 	/System/Library/PrivateFrameworks/SpeechRecognitionCore.framework/Versions/A/SpeechRecognitionCore
0x0000000101e8e000 	/Applications/RStudio.app/Contents/Frameworks/libgssapi_krb5.2.2.dylib
0x0000000000303000 	/System/Library/Frameworks/LDAP.framework/Versions/A/LDAP
0x0000000101edb000 	/Applications/RStudio.app/Contents/Frameworks/libkrb5.3.3.dylib
0x0000000101f96000 	/Applications/RStudio.app/Contents/Frameworks/libk5crypto.3.1.dylib
0x0000000101fc9000 	/Applications/RStudio.app/Contents/Frameworks/libcom_err.3.0.dylib
0x0000000101fda000 	/Applications/RStudio.app/Contents/Frameworks/libkrb5support.1.1.dylib
0x0000000000303000 	/usr/lib/libsasl2.2.dylib
0x0000000000303000 	/System/Library/PrivateFrameworks/CoreDaemon.framework/Versions/B/CoreDaemon
0x0000000000303000 	/System/Library/PrivateFrameworks/AppleSRP.framework/Versions/A/AppleSRP
0x0000000101feb000 	/Library/Frameworks/R.framework/Versions/4.0/Resources/lib/libRblas.dylib
0x000000010201d000 	/Library/Frameworks/R.framework/Versions/4.0/Resources/lib/libgfortran.5.dylib
0x00000001022d6000 	/Library/Frameworks/R.framework/Versions/4.0/Resources/lib/libquadmath.0.dylib
0x0000000000303000 	/usr/lib/libncurses.5.4.dylib
0x0000000102322000 	/Library/Frameworks/R.framework/Versions/4.0/Resources/lib/libgcc_s.1.dylib
0x0000000103f66000 	/Library/Frameworks/R.framework/Versions/4.0/Resources/library/methods/libs/methods.so
0x0000000103f76000 	/Library/Frameworks/R.framework/Versions/4.0/Resources/library/utils/libs/utils.so
0x0000000103f89000 	/Library/Frameworks/R.framework/Versions/4.0/Resources/library/grDevices/libs/grDevices.so
0x0000000000303000 	/System/Library/PrivateFrameworks/login.framework/Versions/A/login
0x0000000103fdd000 	/Library/Frameworks/R.framework/Versions/4.0/Resources/library/graphics/libs/graphics.so
0x0000000104026000 	/Library/Frameworks/R.framework/Versions/4.0/Resources/library/stats/libs/stats.so
0x00000001040ed000 	/Library/Frameworks/R.framework/Versions/4.0/Resources/lib/libRlapack.dylib
0x000000010431b000 	/Library/Frameworks/R.framework/Versions/4.0/Resources/library/tools/libs/tools.so
0x0000000104339000 	/Library/Frameworks/R.framework/Versions/4.0/Resources/modules/internet.so
0x0000000000303000 	/usr/lib/libcurl.4.dylib
0x0000000000303000 	/usr/lib/libcrypto.44.dylib
0x0000000000303000 	/usr/lib/libssl.46.dylib
0x0000000000303000 	/System/Library/PrivateFrameworks/TrustEvaluationAgent.framework/Versions/A/TrustEvaluationAgent
0x0000000104460000 	/Library/Frameworks/R.framework/Versions/4.0/Resources/library/rlang/libs/rlang.so
0x0000000104498000 	/Library/Frameworks/R.framework/Versions/4.0/Resources/library/vctrs/libs/vctrs.so
0x0000000101ed6000 	/Library/Frameworks/R.framework/Versions/4.0/Resources/library/glue/libs/glue.so
0x0000000101fc3000 	/Library/Frameworks/R.framework/Versions/4.0/Resources/library/magrittr/libs/magrittr.so
0x0000000101fd4000 	/Library/Frameworks/R.framework/Versions/4.0/Resources/library/ellipsis/libs/ellipsis.so
0x00000001045be000 	/Library/Frameworks/R.framework/Versions/4.0/Resources/library/fansi/libs/fansi.so
0x00000001045d1000 	/Library/Frameworks/R.framework/Versions/4.0/Resources/library/utf8/libs/utf8.so
0x0000000104620000 	/Library/Frameworks/R.framework/Versions/4.0/Resources/library/tibble/libs/tibble.so
0x0000000104626000 	/Library/Frameworks/R.framework/Versions/4.0/Resources/library/purrr/libs/purrr.so
0x0000000104630000 	/Library/Frameworks/R.framework/Versions/4.0/Resources/library/dplyr/libs/dplyr.so
0x0000000106800000 	/Library/Frameworks/R.framework/Versions/4.0/Resources/library/stringi/libs/stringi.so
0x0000000104642000 	/Library/Frameworks/R.framework/Versions/4.0/Resources/library/bitops/libs/bitops.so
0x0000000104647000 	/Library/Frameworks/R.framework/Versions/4.0/Resources/library/RCurl/libs/RCurl.so
0x0000000108ad8000 	/Library/Frameworks/R.framework/Versions/4.0/Resources/library/XML/libs/XML.so
0x0000000108c87000 	/Library/Frameworks/R.framework/Versions/4.0/Resources/library/igraph/libs/igraph.so
0x0000000104659000 	/Library/Frameworks/R.framework/Versions/4.0/Resources/library/chron/libs/chron.so
0x000000010465d000 	/Library/Frameworks/R.framework/Versions/4.0/Resources/library/grid/libs/grid.so
0x000000010468b000 	/Library/Frameworks/R.framework/Versions/4.0/Resources/library/colorspace/libs/colorspace.so
0x000000010469d000 	/Library/Internet Plug-Ins/JavaAppletPlugin.plugin/Contents/Home/lib/jli/libjli.dylib
0x0000000000303000 	/System/Library/Frameworks/Cocoa.framework/Versions/A/Cocoa
0x00000001091c6000 	/Library/Internet Plug-Ins/JavaAppletPlugin.plugin/Contents/Home/lib/server/libjvm.dylib
0x0000000000303000 	/usr/lib/libstdc++.6.dylib
0x00000001046ac000 	/Library/Frameworks/R.framework/Versions/4.0/Resources/library/rJava/libs/rJava.so
0x00000001046c0000 	/Library/Internet Plug-Ins/JavaAppletPlugin.plugin/Contents/Home/lib/libverify.dylib
0x00000001046ce000 	/Library/Internet Plug-Ins/JavaAppletPlugin.plugin/Contents/Home/lib/libjava.dylib
0x000000010470c000 	/Library/Internet Plug-Ins/JavaAppletPlugin.plugin/Contents/Home/lib/libzip.dylib
0x000000010a733000 	/Library/Frameworks/R.framework/Versions/4.0/Resources/library/Rcpp/libs/Rcpp.so
0x000000010a7cc000 	/Library/Frameworks/R.framework/Versions/4.0/Resources/library/zip/libs/zip.so
0x000000011b34a000 	/Library/Frameworks/R.framework/Versions/4.0/Resources/library/openxlsx/libs/openxlsx.so
0x00000001047eb000 	/Library/Frameworks/R.framework/Versions/4.0/Resources/library/parallel/libs/parallel.so
0x000000011b3df000 	/Library/Frameworks/R.framework/Versions/4.0/Resources/library/data.table/libs/datatable.so
0x000000010a7ea000 	/Library/Frameworks/R.framework/Versions/4.0/Resources/library/plyr/libs/plyr.so
0x000000010a803000 	/Library/Frameworks/R.framework/Versions/4.0/Resources/library/reshape2/libs/reshape2.so
0x000000010a824000 	/Library/Frameworks/R.framework/Versions/4.0/Resources/library/slam/libs/slam.so
0x000000011b45f000 	/Library/Frameworks/R.framework/Versions/4.0/Resources/library/xml2/libs/xml2.so
0x000000011b60a000 	/Library/Frameworks/R.framework/Versions/4.0/Resources/library/tm/libs/tm.so
0x000000010a830000 	/Library/Frameworks/R.framework/Versions/4.0/Resources/library/wordcloud/libs/wordcloud.so
0x000000011b62f000 	/Library/Frameworks/R.framework/Versions/4.0/Resources/library/lubridate/libs/lubridate.so
0x000000011b673000 	/Library/Frameworks/R.framework/Versions/4.0/Resources/library/ggrepel/libs/ggrepel.so
0x00000001047f8000 	/Library/Frameworks/R.framework/Versions/4.0/Resources/library/lattice/libs/lattice.so
0x000000011b6a1000 	/Library/Frameworks/R.framework/Versions/4.0/Resources/library/zoo/libs/zoo.so
0x000000011b6a7000 	/Library/Frameworks/R.framework/Versions/4.0/Resources/library/digest/libs/digest.so
0x000000011b6cf000 	/Library/Frameworks/R.framework/Versions/4.0/Resources/library/fastmap/libs/fastmap.so
0x000000011b6df000 	/Library/Frameworks/R.framework/Versions/4.0/Resources/library/htmltools/libs/htmltools.so
0x000000011b6e3000 	/Library/Frameworks/R.framework/Versions/4.0/Resources/library/cli/libs/cli.so
0x000000011b6ef000 	/Library/Frameworks/R.framework/Versions/4.0/Resources/library/topicmodels/libs/topicmodels.so
0x000000011b7cd000 	/Library/Frameworks/R.framework/Versions/4.0/Resources/library/sp/libs/sp.so
0x000000011b7d8000 	/Library/Frameworks/R.framework/Versions/4.0/Resources/library/later/libs/later.so
0x000000011b81e000 	/Library/Frameworks/R.framework/Versions/4.0/Resources/library/promises/libs/promises.so
0x000000011b838000 	/Library/Frameworks/R.framework/Versions/4.0/Resources/library/httpuv/libs/httpuv.so
0x000000011b94a000 	/Library/Frameworks/R.framework/Versions/4.0/Resources/library/mime/libs/mime.so
0x000000011b94e000 	/Library/Frameworks/R.framework/Versions/4.0/Resources/library/jsonlite/libs/jsonlite.so
0x000000011b961000 	/Library/Frameworks/R.framework/Versions/4.0/Resources/library/lazyeval/libs/lazyeval.so
0x000000011b967000 	/Library/Frameworks/R.framework/Versions/4.0/Resources/library/tidyr/libs/tidyr.so
0x000000011b984000 	/Library/Frameworks/R.framework/Versions/4.0/Resources/library/curl/libs/curl.so
0x000000011b995000 	/Library/Frameworks/R.framework/Versions/4.0/Resources/library/foreign/libs/foreign.so
0x000000011b9b4000 	/Library/Frameworks/R.framework/Versions/4.0/Resources/library/haven/libs/haven.so
0x000000011ba35000 	/Library/Frameworks/R.framework/Versions/4.0/Resources/library/readxl/libs/readxl.so
0x000000011ba98000 	/Library/Frameworks/R.framework/Versions/4.0/Resources/library/xfun/libs/xfun.so
0x000000011ba9d000 	/Library/Frameworks/R.framework/Versions/4.0/Resources/library/backports/libs/backports.so
0x000000011baa1000 	/Library/Frameworks/R.framework/Versions/4.0/Resources/library/readr/libs/readr.so
0x000000011bb2f000 	/Library/Frameworks/R.framework/Versions/4.0/Resources/library/tzdb/libs/tzdb.so
0x000000011bb7c000 	/Library/Frameworks/R.framework/Versions/4.0/Resources/library/nlme/libs/nlme.so
0x000000011bb97000 	/Library/Frameworks/R.framework/Versions/4.0/Resources/library/splines/libs/splines.so
0x000000011bba1000 	/Library/Frameworks/R.framework/Versions/4.0/Resources/library/Matrix/libs/Matrix.so
0x000000011bc83000 	/Library/Frameworks/R.framework/Versions/4.0/Resources/library/mgcv/libs/mgcv.so
0x000000011bd2e000 	/Library/Frameworks/R.framework/Versions/4.0/Resources/library/fasttime/libs/fasttime.so
0x000000011bd32000 	/Library/Frameworks/R.framework/Versions/4.0/Resources/library/SnowballC/libs/SnowballC.so
0x000000011bdc2000 	/Library/Frameworks/R.framework/Versions/4.0/Resources/library/tokenizers/libs/tokenizers.so
0x000000011bde8000 	/Library/Frameworks/R.framework/Versions/4.0/Resources/library/gower/libs/gower.so
0x000000011bdee000 	/Library/Frameworks/R.framework/Versions/4.0/Resources/library/class/libs/class.so
0x000000011bdf4000 	/Library/Frameworks/R.framework/Versions/4.0/Resources/library/rpart/libs/rpart.so
0x000000011be0c000 	/Library/Frameworks/R.framework/Versions/4.0/Resources/library/MASS/libs/MASS.so
0x000000011be16000 	/Library/Frameworks/R.framework/Versions/4.0/Resources/library/survival/libs/survival.so
0x000000011be5e000 	/Library/Frameworks/R.framework/Versions/4.0/Resources/library/nnet/libs/nnet.so
0x000000011be67000 	/Library/Frameworks/R.framework/Versions/4.0/Resources/library/prodlim/libs/prodlim.so
0x000000011be72000 	/Library/Frameworks/R.framework/Versions/4.0/Resources/library/ipred/libs/ipred.so
0x000000011be76000 	/Library/Frameworks/R.framework/Versions/4.0/Resources/library/ModelMetrics/libs/ModelMetrics.so
0x000000011beae000 	/Library/Frameworks/R.framework/Versions/4.0/Resources/library/pROC/libs/pROC.so
0x000000011bed5000 	/Library/Frameworks/R.framework/Versions/4.0/Resources/library/caret/libs/caret.so
0x000000011beda000 	/Library/Frameworks/R.framework/Versions/4.0/Resources/library/bit/libs/bit.so
0x000000011bf00000 	/Library/Frameworks/R.framework/Versions/4.0/Resources/library/bit64/libs/bit64.so
0x000000011bf28000 	/Library/Frameworks/R.framework/Versions/4.0/Resources/library/rjson/libs/rjson.so
0x000000011bf35000 	/Library/Frameworks/R.framework/Versions/4.0/Resources/library/xts/libs/xts.so
0x000000011bf4f000 	/Library/Frameworks/R.framework/Versions/4.0/Resources/library/cld2/libs/cld2.so
0x000000011c129000 	/Library/Frameworks/R.framework/Versions/4.0/Resources/library/png/libs/png.so
0x000000011c16a000 	/Library/Frameworks/R.framework/Versions/4.0/Resources/library/jpeg/libs/jpeg.so
0x000000011c1b6000 	/Library/Frameworks/R.framework/Versions/4.0/Resources/library/proxy/libs/proxy.so
0x000000011c1c1000 	/Library/Frameworks/R.framework/Versions/4.0/Resources/library/e1071/libs/e1071.so
0x000000011c1dd000 	/Library/Frameworks/R.framework/Versions/4.0/Resources/library/KernSmooth/libs/KernSmooth.so
0x000000011c1e5000 	/Library/Frameworks/R.framework/Versions/4.0/Resources/library/classInt/libs/classInt.so
0x000000011c1ea000 	/Library/Frameworks/R.framework/Versions/4.0/Resources/library/units/libs/units.so
0x000000011c22d000 	/Library/Frameworks/R.framework/Versions/4.0/Resources/library/sf/libs/sf.so
0x000000011ede7000 	/Library/Frameworks/R.framework/Versions/4.0/Resources/library/lwgeom/libs/lwgeom.so
0x000000011f896000 	/Library/Frameworks/R.framework/Versions/4.0/Resources/library/base64enc/libs/base64enc.so
0x000000011f89d000 	/Library/Frameworks/R.framework/Versions/4.0/Resources/library/raster/libs/raster.so
0x000000011f950000 	/Library/Frameworks/R.framework/Versions/4.0/Resources/library/rgdal/libs/rgdal.so
0x00000001223ad000 	/Library/Frameworks/R.framework/Versions/4.0/Resources/library/rgeos/libs/rgeos.so
0x00000001225d7000 	/Library/Frameworks/R.framework/Versions/4.0/Resources/library/pryr/libs/pryr.so
0x0000000122617000 	/Library/Frameworks/R.framework/Versions/4.0/Resources/library/stringdist/libs/stringdist.so
0x0000000000303000 	/System/Library/Frameworks/MediaToolbox.framework/Versions/A/MediaToolbox
0x0000000000303000 	/System/Library/PrivateFrameworks/CoreAVCHD.framework/Versions/A/CoreAVCHD
0x0000000000303000 	/System/Library/Frameworks/MediaAccessibility.framework/Versions/A/MediaAccessibility
0x0000000000303000 	/System/Library/PrivateFrameworks/Mangrove.framework/Versions/A/Mangrove
0x0000000000303000 	/System/Library/PrivateFrameworks/AlgosScoreFramework.framework/Versions/A/AlgosScoreFramework
0x0000000000303000 	/System/Library/PrivateFrameworks/AppleVPA.framework/Versions/A/AppleVPA
0x0000000000303000 	/System/Library/PrivateFrameworks/CoreAUC.framework/Versions/A/CoreAUC
0x0000000000303000 	/System/Library/Frameworks/Accelerate.framework/Versions/A/Frameworks/vImage.framework/Versions/A/Libraries/libCGInterfaces.dylib
0x0000000122932000 	/Library/Frameworks/R.framework/Versions/4.0/Resources/library/farver/libs/farver.so
0x0000000122a1a000 	/Library/Frameworks/R.framework/Versions/4.0/Resources/modules/lapack.so

VM Arguments:
jvm_args: -Djava.awt.headless=true -Xmx512m -Xrs vfprintf exit -Xss2m 
java_command: <unknown>
java_class_path (initial): /Library/Frameworks/R.framework/Versions/4.0/Resources/library/rJava/java/boot
Launcher Type: generic

Environment Variables:
PATH=/usr/bin:/bin:/usr/sbin:/sbin:/usr/local/bin:/Users/13000543/Documents/WebDriver:/Applications/RStudio.app/Contents/MacOS/postback
SHELL=/bin/bash
DISPLAY=:0
DYLD_LIBRARY_PATH=/Library/Internet Plug-Ins/JavaAppletPlugin.plugin/Contents/Home/lib/server
DYLD_FALLBACK_LIBRARY_PATH=/Library/Frameworks/R.framework/Resources/lib:/Users/13000543/lib:/usr/local/lib:/usr/lib:::/lib:/Library/Java/JavaVirtualMachines/jdk1.8.0_241.jdk/Contents/Home/jre/lib/server

Signal Handlers:
SIGSEGV: [libjvm.dylib+0x5b494d], sa_mask[0]=11111111011111110111111111111111, sa_flags=SA_ONSTACK|SA_RESTART|SA_SIGINFO
SIGBUS: [libjvm.dylib+0x5b494d], sa_mask[0]=11111111011111110111111111111111, sa_flags=SA_RESTART|SA_SIGINFO
SIGFPE: [libjvm.dylib+0x48ab54], sa_mask[0]=11111111011111110111111111111111, sa_flags=SA_RESTART|SA_SIGINFO
SIGPIPE: [libjvm.dylib+0x48ab54], sa_mask[0]=11111111011111110111111111111111, sa_flags=SA_RESTART|SA_SIGINFO
SIGXFSZ: [libjvm.dylib+0x48ab54], sa_mask[0]=11111111011111110111111111111111, sa_flags=SA_RESTART|SA_SIGINFO
SIGILL: [libjvm.dylib+0x48ab54], sa_mask[0]=11111111011111110111111111111111, sa_flags=SA_RESTART|SA_SIGINFO
SIGUSR1: SIG_IGN, sa_mask[0]=00000000000000000000000000000000, sa_flags=none
SIGUSR2: [libjvm.dylib+0x48a672], sa_mask[0]=10000000000000000000000000000000, sa_flags=SA_RESTART|SA_SIGINFO
SIGHUP: SIG_DFL, sa_mask[0]=00000000000000000000000000000000, sa_flags=none
SIGINT: [rsession+0x171370], sa_mask[0]=00000000000000000000000000000000, sa_flags=SA_RESTART
SIGTERM: SIG_DFL, sa_mask[0]=00000000000000000000000000000000, sa_flags=none
SIGQUIT: SIG_DFL, sa_mask[0]=00000000000000000000000000000000, sa_flags=none


---------------  S Y S T E M  ---------------

OS:Bsduname:Darwin 20.3.0 Darwin Kernel Version 20.3.0: Thu Jan 21 00:07:06 PST 2021; root:xnu-7195.81.3~1/RELEASE_X86_64 x86_64
rlimit: STACK 8192k, CORE 0k, NPROC 2784, NOFILE 10240, AS infinity
load average:2.04 2.20 2.39

CPU:total 4 (initial active 4) (2 cores per cpu, 2 threads per core) family 6 model 142 stepping 9, cmov, cx8, fxsr, mmx, sse, sse2, sse3, ssse3, sse4.1, sse4.2, popcnt, avx, avx2, aes, clmul, erms, rtm, 3dnowpref, lzcnt, ht, tsc, tscinvbit, bmi1, bmi2, adx

Memory: 4k page, physical 16777216k(125620k free)

/proc/meminfo:


vm_info: Java HotSpot(TM) 64-Bit Server VM (25.152-b16) for bsd-amd64 JRE (1.8.0_152-b16), built on Sep 14 2017 02:31:13 by "java_re" with gcc 4.2.1 (Based on Apple Inc. build 5658) (LLVM build 2336.11.00)

time: Thu Sep 30 19:48:37 2021
elapsed time: 2827 seconds (0d 0h 47m 7s)

